<?xml version="1.0" encoding="UTF-8"?>
<testsuite name="com.example.demo.BusInformationQueryTranslatorApplicationTests" time="0.014" tests="1" errors="1" skipped="0" failures="0">
  <properties>
[...]
</properties>
  <testcase name="initializationError" classname="com.example.demo.BusInformationQueryTranslatorApplicationTests" time="0.014">
    <error message="Unable to find a @SpringBootConfiguration, you need to use @ContextConfiguration or @SpringBootTest(classes=...) with your test" type="java.lang.IllegalStateException"><![CDATA[java.lang.IllegalStateException: Unable to find a @SpringBootConfiguration, you need to use @ContextConfiguration or @SpringBootTest(classes=...) with your test
	at org.springframework.util.Assert.state(Assert.java:70)
	at org.springframework.boot.test.context.SpringBootTestContextBootstrapper.getOrFindConfigurationClasses(SpringBootTestContextBootstrapper.java:202)
	at org.springframework.boot.test.context.SpringBootTestContextBootstrapper.processMergedContextConfiguration(SpringBootTestContextBootstrapper.java:137)
	at org.springframework.test.context.support.AbstractTestContextBootstrapper.buildMergedContextConfiguration(AbstractTestContextBootstrapper.java:409)
	at org.springframework.test.context.support.AbstractTestContextBootstrapper.buildDefaultMergedContextConfiguration(AbstractTestContextBootstrapper.java:323)
	at org.springframework.test.context.support.AbstractTestContextBootstrapper.buildMergedContextConfiguration(AbstractTestContextBootstrapper.java:277)
	at org.springframework.test.context.support.AbstractTestContextBootstrapper.buildTestContext(AbstractTestContextBootstrapper.java:112)
	at org.springframework.boot.test.context.SpringBootTestContextBootstrapper.buildTestContext(SpringBootTestContextBootstrapper.java:82)
	at org.springframework.test.context.TestContextManager.<init>(TestContextManager.java:120)
	at org.springframework.test.context.TestContextManager.<init>(TestContextManager.java:105)
	at org.springframework.test.context.junit4.SpringJUnit4ClassRunner.createTestContextManager(SpringJUnit4ClassRunner.java:152)
	at org.springframework.test.context.junit4.SpringJUnit4ClassRunner.<init>(SpringJUnit4ClassRunner.java:143)
	at org.springframework.test.context.junit4.SpringRunner.<init>(SpringRunner.java:49)
	at sun.reflect.NativeConstructorAccessorImpl.newInstance0(Native Method)
	at sun.reflect.NativeConstructorAccessorImpl.newInstance(NativeConstructorAccessorImpl.java:62)
	at sun.reflect.DelegatingConstructorAccessorImpl.newInstance(DelegatingConstructorAccessorImpl.java:45)
	at java.lang.reflect.Constructor.newInstance(Constructor.java:423)
	at org.junit.internal.builders.AnnotatedBuilder.buildRunner(AnnotatedBuilder.java:104)
	at org.junit.internal.builders.AnnotatedBuilder.runnerForClass(AnnotatedBuilder.java:86)
	at org.junit.runners.model.RunnerBuilder.safeRunnerForClass(RunnerBuilder.java:59)
	at org.junit.internal.builders.AllDefaultPossibilitiesBuilder.runnerForClass(AllDefaultPossibilitiesBuilder.java:26)
	at org.junit.runners.model.RunnerBuilder.safeRunnerForClass(RunnerBuilder.java:59)
	at org.junit.internal.requests.ClassRequest.getRunner(ClassRequest.java:33)
	at org.apache.maven.surefire.junit4.JUnit4Provider.execute(JUnit4Provider.java:283)
	at org.apache.maven.surefire.junit4.JUnit4Provider.executeWithRerun(JUnit4Provider.java:173)
	at org.apache.maven.surefire.junit4.JUnit4Provider.executeTestSet(JUnit4Provider.java:153)
	at org.apache.maven.surefire.junit4.JUnit4Provider.invoke(JUnit4Provider.java:128)
	at org.apache.maven.surefire.booter.ForkedBooter.invokeProviderInSameClassLoader(ForkedBooter.java:203)
	at org.apache.maven.surefire.booter.ForkedBooter.runSuitesInProcess(ForkedBooter.java:155)
	at org.apache.maven.surefire.booter.ForkedBooter.main(ForkedBooter.java:103)
]]></error>
    <system-out><![CDATA[02:05:49.587 [main] DEBUG org.springframework.test.context.junit4.SpringJUnit4ClassRunner - SpringJUnit4ClassRunner constructor called with [class com.example.demo.BusInformationQueryTranslatorApplicationTests]
02:05:49.601 [main] DEBUG org.springframework.test.context.BootstrapUtils - Instantiating CacheAwareContextLoaderDelegate from class [org.springframework.test.context.cache.DefaultCacheAwareContextLoaderDelegate]
02:05:49.616 [main] DEBUG org.springframework.test.context.BootstrapUtils - Instantiating BootstrapContext using constructor [public org.springframework.test.context.support.DefaultBootstrapContext(java.lang.Class,org.springframework.test.context.CacheAwareContextLoaderDelegate)]
02:05:49.647 [main] DEBUG org.springframework.test.context.BootstrapUtils - Instantiating TestContextBootstrapper for test class [com.example.demo.BusInformationQueryTranslatorApplicationTests] from class [org.springframework.boot.test.context.SpringBootTestContextBootstrapper]
02:05:49.673 [main] INFO org.springframework.boot.test.context.SpringBootTestContextBootstrapper - Neither @ContextConfiguration nor @ContextHierarchy found for test class [com.example.demo.BusInformationQueryTranslatorApplicationTests], using SpringBootContextLoader
02:05:49.680 [main] DEBUG org.springframework.test.context.support.AbstractContextLoader - Did not detect default resource location for test class [com.example.demo.BusInformationQueryTranslatorApplicationTests]: class path resource [com/example/demo/BusInformationQueryTranslatorApplicationTests-context.xml] does not exist
02:05:49.681 [main] DEBUG org.springframework.test.context.support.AbstractContextLoader - Did not detect default resource location for test class [com.example.demo.BusInformationQueryTranslatorApplicationTests]: class path resource [com/example/demo/BusInformationQueryTranslatorApplicationTestsContext.groovy] does not exist
02:05:49.681 [main] INFO org.springframework.test.context.support.AbstractContextLoader - Could not detect default resource locations for test class [com.example.demo.BusInformationQueryTranslatorApplicationTests]: no resource found for suffixes {-context.xml, Context.groovy}.
02:05:49.682 [main] INFO org.springframework.test.context.support.AnnotationConfigContextLoaderUtils - Could not detect default configuration classes for test class [com.example.demo.BusInformationQueryTranslatorApplicationTests]: BusInformationQueryTranslatorApplicationTests does not declare any static, non-private, non-final, nested classes annotated with @Configuration.
02:05:49.746 [main] DEBUG org.springframework.test.context.support.ActiveProfilesUtils - Could not find an 'annotation declaring class' for annotation type [org.springframework.test.context.ActiveProfiles] and class [com.example.demo.BusInformationQueryTranslatorApplicationTests]
02:05:49.761 [main] DEBUG org.springframework.core.env.StandardEnvironment - Adding [systemProperties] PropertySource with lowest search precedence
02:05:49.762 [main] DEBUG org.springframework.core.env.StandardEnvironment - Adding [systemEnvironment] PropertySource with lowest search precedence
02:05:49.762 [main] DEBUG org.springframework.core.env.StandardEnvironment - Initialized StandardEnvironment with PropertySources [systemProperties,systemEnvironment]
02:05:49.781 [main] DEBUG org.springframework.core.io.support.PathMatchingResourcePatternResolver - Resolved classpath location [com/example/demo/] to resources [URL [file:/C:/Project/WISE-IoT/workspace-expose-json/BusInformationQueryTranslator/target/test-classes/com/example/demo/]]
02:05:49.781 [main] DEBUG org.springframework.core.io.support.PathMatchingResourcePatternResolver - Looking for matching resources in directory tree [C:\Project\WISE-IoT\workspace-expose-json\BusInformationQueryTranslator\target\test-classes\com\example\demo]
02:05:49.782 [main] DEBUG org.springframework.core.io.support.PathMatchingResourcePatternResolver - Searching directory [C:\Project\WISE-IoT\workspace-expose-json\BusInformationQueryTranslator\target\test-classes\com\example\demo] for files matching pattern [C:/Project/WISE-IoT/workspace-expose-json/BusInformationQueryTranslator/target/test-classes/com/example/demo/*.class]
02:05:49.788 [main] DEBUG org.springframework.core.io.support.PathMatchingResourcePatternResolver - Resolved location pattern [classpath*:com/example/demo/*.class] to resources [file [C:\Project\WISE-IoT\workspace-expose-json\BusInformationQueryTranslator\target\test-classes\com\example\demo\BusInformationQueryTranslatorApplicationTests.class]]
02:05:49.818 [main] DEBUG org.springframework.core.io.support.PathMatchingResourcePatternResolver - Resolved classpath location [com/example/] to resources [URL [file:/C:/Project/WISE-IoT/workspace-expose-json/BusInformationQueryTranslator/target/test-classes/com/example/]]
02:05:49.818 [main] DEBUG org.springframework.core.io.support.PathMatchingResourcePatternResolver - Looking for matching resources in directory tree [C:\Project\WISE-IoT\workspace-expose-json\BusInformationQueryTranslator\target\test-classes\com\example]
02:05:49.818 [main] DEBUG org.springframework.core.io.support.PathMatchingResourcePatternResolver - Searching directory [C:\Project\WISE-IoT\workspace-expose-json\BusInformationQueryTranslator\target\test-classes\com\example] for files matching pattern [C:/Project/WISE-IoT/workspace-expose-json/BusInformationQueryTranslator/target/test-classes/com/example/*.class]
02:05:49.819 [main] DEBUG org.springframework.core.io.support.PathMatchingResourcePatternResolver - Resolved location pattern [classpath*:com/example/*.class] to resources []
02:05:49.821 [main] DEBUG org.springframework.core.io.support.PathMatchingResourcePatternResolver - Resolved classpath location [com/] to resources [URL [file:/C:/Project/WISE-IoT/workspace-expose-json/BusInformationQueryTranslator/target/test-classes/com/], URL [jar:file:/C:/Users/Yale/.m2/repository/org/mongodb/mongodb-driver/3.4.2/mongodb-driver-3.4.2.jar!/com/], URL [jar:file:/C:/Users/Yale/.m2/repository/org/mongodb/mongodb-driver-core/3.4.2/mongodb-driver-core-3.4.2.jar!/com/], URL [jar:file:/C:/Users/Yale/.m2/repository/com/fasterxml/classmate/1.3.3/classmate-1.3.3.jar!/com/], URL [jar:file:/C:/Users/Yale/.m2/repository/com/fasterxml/jackson/core/jackson-databind/2.8.9/jackson-databind-2.8.9.jar!/com/], URL [jar:file:/C:/Users/Yale/.m2/repository/com/fasterxml/jackson/core/jackson-annotations/2.8.0/jackson-annotations-2.8.0.jar!/com/], URL [jar:file:/C:/Users/Yale/.m2/repository/com/fasterxml/jackson/core/jackson-core/2.8.9/jackson-core-2.8.9.jar!/com/], URL [jar:file:/C:/Users/Yale/.m2/repository/com/jayway/jsonpath/json-path/2.2.0/json-path-2.2.0.jar!/com/], URL [jar:file:/C:/Users/Yale/.m2/repository/com/mchange/c3p0/0.9.5.2/c3p0-0.9.5.2.jar!/com/], URL [jar:file:/C:/Users/Yale/.m2/repository/com/zaxxer/HikariCP-java6/2.3.13/HikariCP-java6-2.3.13.jar!/com/], URL [jar:file:/C:/Users/Yale/.m2/repository/com/restfb/restfb/1.41.0/restfb-1.41.0.jar!/com/]]
02:05:49.821 [main] DEBUG org.springframework.core.io.support.PathMatchingResourcePatternResolver - Looking for matching resources in directory tree [C:\Project\WISE-IoT\workspace-expose-json\BusInformationQueryTranslator\target\test-classes\com]
02:05:49.822 [main] DEBUG org.springframework.core.io.support.PathMatchingResourcePatternResolver - Searching directory [C:\Project\WISE-IoT\workspace-expose-json\BusInformationQueryTranslator\target\test-classes\com] for files matching pattern [C:/Project/WISE-IoT/workspace-expose-json/BusInformationQueryTranslator/target/test-classes/com/*.class]
02:05:49.823 [main] DEBUG org.springframework.core.io.support.PathMatchingResourcePatternResolver - Looking for matching resources in jar file [file:/C:/Users/Yale/.m2/repository/org/mongodb/mongodb-driver/3.4.2/mongodb-driver-3.4.2.jar]
02:05:49.835 [main] DEBUG org.springframework.core.io.support.PathMatchingResourcePatternResolver - Looking for matching resources in jar file [file:/C:/Users/Yale/.m2/repository/org/mongodb/mongodb-driver-core/3.4.2/mongodb-driver-core-3.4.2.jar]
02:05:49.857 [main] DEBUG org.springframework.core.io.support.PathMatchingResourcePatternResolver - Looking for matching resources in jar file [file:/C:/Users/Yale/.m2/repository/com/fasterxml/classmate/1.3.3/classmate-1.3.3.jar]
02:05:49.859 [main] DEBUG org.springframework.core.io.support.PathMatchingResourcePatternResolver - Looking for matching resources in jar file [file:/C:/Users/Yale/.m2/repository/com/fasterxml/jackson/core/jackson-databind/2.8.9/jackson-databind-2.8.9.jar]
02:05:49.869 [main] DEBUG org.springframework.core.io.support.PathMatchingResourcePatternResolver - Looking for matching resources in jar file [file:/C:/Users/Yale/.m2/repository/com/fasterxml/jackson/core/jackson-annotations/2.8.0/jackson-annotations-2.8.0.jar]
02:05:49.870 [main] DEBUG org.springframework.core.io.support.PathMatchingResourcePatternResolver - Looking for matching resources in jar file [file:/C:/Users/Yale/.m2/repository/com/fasterxml/jackson/core/jackson-core/2.8.9/jackson-core-2.8.9.jar]
02:05:49.873 [main] DEBUG org.springframework.core.io.support.PathMatchingResourcePatternResolver - Looking for matching resources in jar file [file:/C:/Users/Yale/.m2/repository/com/jayway/jsonpath/json-path/2.2.0/json-path-2.2.0.jar]
02:05:49.875 [main] DEBUG org.springframework.core.io.support.PathMatchingResourcePatternResolver - Looking for matching resources in jar file [file:/C:/Users/Yale/.m2/repository/com/mchange/c3p0/0.9.5.2/c3p0-0.9.5.2.jar]
02:05:49.878 [main] DEBUG org.springframework.core.io.support.PathMatchingResourcePatternResolver - Looking for matching resources in jar file [file:/C:/Users/Yale/.m2/repository/com/zaxxer/HikariCP-java6/2.3.13/HikariCP-java6-2.3.13.jar]
02:05:49.879 [main] DEBUG org.springframework.core.io.support.PathMatchingResourcePatternResolver - Looking for matching resources in jar file [file:/C:/Users/Yale/.m2/repository/com/restfb/restfb/1.41.0/restfb-1.41.0.jar]
02:05:49.883 [main] DEBUG org.springframework.core.io.support.PathMatchingResourcePatternResolver - Resolved location pattern [classpath*:com/*.class] to resources []
02:05:49.888 [main] DEBUG org.springframework.test.context.junit4.SpringJUnit4ClassRunner - SpringJUnit4ClassRunner constructor called with [class com.example.demo.BusInformationQueryTranslatorApplicationTests]
02:05:49.889 [main] DEBUG org.springframework.test.context.BootstrapUtils - Instantiating CacheAwareContextLoaderDelegate from class [org.springframework.test.context.cache.DefaultCacheAwareContextLoaderDelegate]
02:05:49.889 [main] DEBUG org.springframework.test.context.BootstrapUtils - Instantiating BootstrapContext using constructor [public org.springframework.test.context.support.DefaultBootstrapContext(java.lang.Class,org.springframework.test.context.CacheAwareContextLoaderDelegate)]
02:05:49.889 [main] DEBUG org.springframework.test.context.BootstrapUtils - Instantiating TestContextBootstrapper for test class [com.example.demo.BusInformationQueryTranslatorApplicationTests] from class [org.springframework.boot.test.context.SpringBootTestContextBootstrapper]
02:05:49.890 [main] INFO org.springframework.boot.test.context.SpringBootTestContextBootstrapper - Neither @ContextConfiguration nor @ContextHierarchy found for test class [com.example.demo.BusInformationQueryTranslatorApplicationTests], using SpringBootContextLoader
02:05:49.891 [main] DEBUG org.springframework.test.context.support.AbstractContextLoader - Did not detect default resource location for test class [com.example.demo.BusInformationQueryTranslatorApplicationTests]: class path resource [com/example/demo/BusInformationQueryTranslatorApplicationTests-context.xml] does not exist
02:05:49.892 [main] DEBUG org.springframework.test.context.support.AbstractContextLoader - Did not detect default resource location for test class [com.example.demo.BusInformationQueryTranslatorApplicationTests]: class path resource [com/example/demo/BusInformationQueryTranslatorApplicationTestsContext.groovy] does not exist
02:05:49.892 [main] INFO org.springframework.test.context.support.AbstractContextLoader - Could not detect default resource locations for test class [com.example.demo.BusInformationQueryTranslatorApplicationTests]: no resource found for suffixes {-context.xml, Context.groovy}.
02:05:49.892 [main] INFO org.springframework.test.context.support.AnnotationConfigContextLoaderUtils - Could not detect default configuration classes for test class [com.example.demo.BusInformationQueryTranslatorApplicationTests]: BusInformationQueryTranslatorApplicationTests does not declare any static, non-private, non-final, nested classes annotated with @Configuration.
02:05:49.902 [main] DEBUG org.springframework.test.context.support.ActiveProfilesUtils - Could not find an 'annotation declaring class' for annotation type [org.springframework.test.context.ActiveProfiles] and class [com.example.demo.BusInformationQueryTranslatorApplicationTests]
02:05:49.903 [main] DEBUG org.springframework.core.env.StandardEnvironment - Adding [systemProperties] PropertySource with lowest search precedence
02:05:49.903 [main] DEBUG org.springframework.core.env.StandardEnvironment - Adding [systemEnvironment] PropertySource with lowest search precedence
02:05:49.904 [main] DEBUG org.springframework.core.env.StandardEnvironment - Initialized StandardEnvironment with PropertySources [systemProperties,systemEnvironment]
02:05:49.904 [main] DEBUG org.springframework.core.io.support.PathMatchingResourcePatternResolver - Resolved classpath location [com/example/demo/] to resources [URL [file:/C:/Project/WISE-IoT/workspace-expose-json/BusInformationQueryTranslator/target/test-classes/com/example/demo/]]
02:05:49.905 [main] DEBUG org.springframework.core.io.support.PathMatchingResourcePatternResolver - Looking for matching resources in directory tree [C:\Project\WISE-IoT\workspace-expose-json\BusInformationQueryTranslator\target\test-classes\com\example\demo]
02:05:49.905 [main] DEBUG org.springframework.core.io.support.PathMatchingResourcePatternResolver - Searching directory [C:\Project\WISE-IoT\workspace-expose-json\BusInformationQueryTranslator\target\test-classes\com\example\demo] for files matching pattern [C:/Project/WISE-IoT/workspace-expose-json/BusInformationQueryTranslator/target/test-classes/com/example/demo/*.class]
02:05:49.907 [main] DEBUG org.springframework.core.io.support.PathMatchingResourcePatternResolver - Resolved location pattern [classpath*:com/example/demo/*.class] to resources [file [C:\Project\WISE-IoT\workspace-expose-json\BusInformationQueryTranslator\target\test-classes\com\example\demo\BusInformationQueryTranslatorApplicationTests.class]]
02:05:49.908 [main] DEBUG org.springframework.core.io.support.PathMatchingResourcePatternResolver - Resolved classpath location [com/example/] to resources [URL [file:/C:/Project/WISE-IoT/workspace-expose-json/BusInformationQueryTranslator/target/test-classes/com/example/]]
02:05:49.909 [main] DEBUG org.springframework.core.io.support.PathMatchingResourcePatternResolver - Looking for matching resources in directory tree [C:\Project\WISE-IoT\workspace-expose-json\BusInformationQueryTranslator\target\test-classes\com\example]
02:05:49.909 [main] DEBUG org.springframework.core.io.support.PathMatchingResourcePatternResolver - Searching directory [C:\Project\WISE-IoT\workspace-expose-json\BusInformationQueryTranslator\target\test-classes\com\example] for files matching pattern [C:/Project/WISE-IoT/workspace-expose-json/BusInformationQueryTranslator/target/test-classes/com/example/*.class]
02:05:49.910 [main] DEBUG org.springframework.core.io.support.PathMatchingResourcePatternResolver - Resolved location pattern [classpath*:com/example/*.class] to resources []
02:05:49.913 [main] DEBUG org.springframework.core.io.support.PathMatchingResourcePatternResolver - Resolved classpath location [com/] to resources [URL [file:/C:/Project/WISE-IoT/workspace-expose-json/BusInformationQueryTranslator/target/test-classes/com/], URL [jar:file:/C:/Users/Yale/.m2/repository/org/mongodb/mongodb-driver/3.4.2/mongodb-driver-3.4.2.jar!/com/], URL [jar:file:/C:/Users/Yale/.m2/repository/org/mongodb/mongodb-driver-core/3.4.2/mongodb-driver-core-3.4.2.jar!/com/], URL [jar:file:/C:/Users/Yale/.m2/repository/com/fasterxml/classmate/1.3.3/classmate-1.3.3.jar!/com/], URL [jar:file:/C:/Users/Yale/.m2/repository/com/fasterxml/jackson/core/jackson-databind/2.8.9/jackson-databind-2.8.9.jar!/com/], URL [jar:file:/C:/Users/Yale/.m2/repository/com/fasterxml/jackson/core/jackson-annotations/2.8.0/jackson-annotations-2.8.0.jar!/com/], URL [jar:file:/C:/Users/Yale/.m2/repository/com/fasterxml/jackson/core/jackson-core/2.8.9/jackson-core-2.8.9.jar!/com/], URL [jar:file:/C:/Users/Yale/.m2/repository/com/jayway/jsonpath/json-path/2.2.0/json-path-2.2.0.jar!/com/], URL [jar:file:/C:/Users/Yale/.m2/repository/com/mchange/c3p0/0.9.5.2/c3p0-0.9.5.2.jar!/com/], URL [jar:file:/C:/Users/Yale/.m2/repository/com/zaxxer/HikariCP-java6/2.3.13/HikariCP-java6-2.3.13.jar!/com/], URL [jar:file:/C:/Users/Yale/.m2/repository/com/restfb/restfb/1.41.0/restfb-1.41.0.jar!/com/]]
02:05:49.914 [main] DEBUG org.springframework.core.io.support.PathMatchingResourcePatternResolver - Looking for matching resources in directory tree [C:\Project\WISE-IoT\workspace-expose-json\BusInformationQueryTranslator\target\test-classes\com]
02:05:49.915 [main] DEBUG org.springframework.core.io.support.PathMatchingResourcePatternResolver - Searching directory [C:\Project\WISE-IoT\workspace-expose-json\BusInformationQueryTranslator\target\test-classes\com] for files matching pattern [C:/Project/WISE-IoT/workspace-expose-json/BusInformationQueryTranslator/target/test-classes/com/*.class]
02:05:49.916 [main] DEBUG org.springframework.core.io.support.PathMatchingResourcePatternResolver - Looking for matching resources in jar file [file:/C:/Users/Yale/.m2/repository/org/mongodb/mongodb-driver/3.4.2/mongodb-driver-3.4.2.jar]
02:05:49.919 [main] DEBUG org.springframework.core.io.support.PathMatchingResourcePatternResolver - Looking for matching resources in jar file [file:/C:/Users/Yale/.m2/repository/org/mongodb/mongodb-driver-core/3.4.2/mongodb-driver-core-3.4.2.jar]
02:05:49.937 [main] DEBUG org.springframework.core.io.support.PathMatchingResourcePatternResolver - Looking for matching resources in jar file [file:/C:/Users/Yale/.m2/repository/com/fasterxml/classmate/1.3.3/classmate-1.3.3.jar]
02:05:49.938 [main] DEBUG org.springframework.core.io.support.PathMatchingResourcePatternResolver - Looking for matching resources in jar file [file:/C:/Users/Yale/.m2/repository/com/fasterxml/jackson/core/jackson-databind/2.8.9/jackson-databind-2.8.9.jar]
02:05:49.946 [main] DEBUG org.springframework.core.io.support.PathMatchingResourcePatternResolver - Looking for matching resources in jar file [file:/C:/Users/Yale/.m2/repository/com/fasterxml/jackson/core/jackson-annotations/2.8.0/jackson-annotations-2.8.0.jar]
02:05:49.948 [main] DEBUG org.springframework.core.io.support.PathMatchingResourcePatternResolver - Looking for matching resources in jar file [file:/C:/Users/Yale/.m2/repository/com/fasterxml/jackson/core/jackson-core/2.8.9/jackson-core-2.8.9.jar]
02:05:49.950 [main] DEBUG org.springframework.core.io.support.PathMatchingResourcePatternResolver - Looking for matching resources in jar file [file:/C:/Users/Yale/.m2/repository/com/jayway/jsonpath/json-path/2.2.0/json-path-2.2.0.jar]
02:05:49.959 [main] DEBUG org.springframework.core.io.support.PathMatchingResourcePatternResolver - Looking for matching resources in jar file [file:/C:/Users/Yale/.m2/repository/com/mchange/c3p0/0.9.5.2/c3p0-0.9.5.2.jar]
02:05:49.963 [main] DEBUG org.springframework.core.io.support.PathMatchingResourcePatternResolver - Looking for matching resources in jar file [file:/C:/Users/Yale/.m2/repository/com/zaxxer/HikariCP-java6/2.3.13/HikariCP-java6-2.3.13.jar]
02:05:49.965 [main] DEBUG org.springframework.core.io.support.PathMatchingResourcePatternResolver - Looking for matching resources in jar file [file:/C:/Users/Yale/.m2/repository/com/restfb/restfb/1.41.0/restfb-1.41.0.jar]
02:05:49.973 [main] DEBUG org.springframework.core.io.support.PathMatchingResourcePatternResolver - Resolved location pattern [classpath*:com/*.class] to resources []
]]></system-out>
  </testcase>
</testsuite>